2026-06-19 14:46:13,705 - INFO - 🌍 STARTING COMPREHENSIVE ECOSYSTEM SCAN: All Package Managers
2026-06-19 14:46:13,706 - INFO - ============================================================
2026-06-19 14:46:13,706 - INFO - SCANNING ALL PROGRAMMING LANGUAGE ECOSYSTEMS
2026-06-19 14:46:13,706 - INFO - ============================================================
2026-06-19 14:46:13,706 - INFO - Scanning npm/Node.js ecosystem...
2026-06-19 14:46:18,605 - INFO - Found 10 npm packages
2026-06-19 14:46:18,605 - INFO - Scanning PyPI/Python ecosystem...
2026-06-19 14:46:21,894 - WARNING - Failed to get PyPI package pytorch: 'NoneType' object has no attribute 'get'
2026-06-19 14:46:22,195 - INFO - Found 9 PyPI packages
2026-06-19 14:46:22,196 - INFO - Scanning RubyGems/Ruby ecosystem...
2026-06-19 14:46:25,706 - INFO - Found 10 RubyGems
2026-06-19 14:46:25,706 - INFO - Scanning Cargo/Rust ecosystem...
2026-06-19 14:46:25,982 - WARNING - Rate limited for serde
2026-06-19 14:46:26,484 - WARNING - Rate limited for tokio
2026-06-19 14:46:26,994 - WARNING - Rate limited for clap
2026-06-19 14:46:27,494 - WARNING - Rate limited for rayon
2026-06-19 14:46:28,003 - WARNING - Rate limited for anyhow
2026-06-19 14:46:28,514 - WARNING - Rate limited for log
2026-06-19 14:46:29,012 - WARNING - Rate limited for regex
2026-06-19 14:46:29,520 - WARNING - Rate limited for hyper
2026-06-19 14:46:30,026 - WARNING - Rate limited for rand
2026-06-19 14:46:30,530 - WARNING - Rate limited for uuid
2026-06-19 14:46:30,832 - INFO - Found 0 Cargo crates
2026-06-19 14:46:30,832 - INFO - Scanning Composer/PHP ecosystem...
2026-06-19 14:46:31,069 - WARNING - Failed to get Composer package laravel/framework: 'list' object has no attribute 'keys'
2026-06-19 14:46:31,556 - WARNING - Failed to get Composer package symfony/symfony: 'list' object has no attribute 'keys'
2026-06-19 14:46:31,982 - WARNING - Failed to get Composer package guzzlehttp/guzzle: 'list' object has no attribute 'keys'
2026-06-19 14:46:32,409 - WARNING - Failed to get Composer package monolog/monolog: 'list' object has no attribute 'keys'
2026-06-19 14:46:32,882 - WARNING - Failed to get Composer package phpunit/phpunit: 'list' object has no attribute 'keys'
2026-06-19 14:46:33,332 - WARNING - Failed to get Composer package doctrine/orm: 'list' object has no attribute 'keys'
2026-06-19 14:46:33,633 - INFO - Found 0 Composer packages
2026-06-19 14:46:33,635 - INFO - Total packages discovered: 29
2026-06-19 14:46:33,635 - INFO - Ecosystems covered: 3
2026-06-19 14:46:33,635 - INFO - ============================================================
2026-06-19 14:46:33,635 - INFO - CLONING AND ANALYZING REPOSITORIES
2026-06-19 14:46:33,635 - INFO - ============================================================
2026-06-19 14:46:33,635 - INFO - Cloning facebook/react (npm)...
2026-06-19 14:46:36,395 - INFO - Analyzing facebook/react...
2026-06-19 14:46:37,849 - INFO - Cloning vuejs/core (npm)...
2026-06-19 14:46:38,709 - INFO - Analyzing vuejs/core...
2026-06-19 14:46:39,768 - INFO - Cloning angular/angular.js (npm)...
2026-06-19 14:46:41,512 - INFO - Analyzing angular/angular.js...
2026-06-19 14:46:42,652 - INFO - Cloning lodash/lodash (npm)...
2026-06-19 14:46:43,348 - INFO - Analyzing lodash/lodash...
2026-06-19 14:46:44,367 - INFO - Cloning axios/axios (npm)...
2026-06-19 14:46:45,045 - INFO - Analyzing axios/axios...
2026-06-19 14:46:45,081 - INFO - Progress: 5 repos, 5 ecosystems
2026-06-19 14:46:45,081 - INFO - Progress: 5/3000 repos scanned
2026-06-19 14:46:46,081 - INFO - Cloning expressjs/express (npm)...
2026-06-19 14:46:46,584 - INFO - Analyzing expressjs/express...
2026-06-19 14:46:47,610 - INFO - Cloning moment/moment (npm)...
2026-06-19 14:46:48,362 - INFO - Analyzing moment/moment...
2026-06-19 14:46:49,447 - INFO - Cloning microsoft/TypeScript (npm)...
2026-06-19 14:47:02,660 - INFO - Analyzing microsoft/TypeScript...
2026-06-19 14:47:08,200 - INFO - Cloning webpack/webpack (npm)...
2026-06-19 14:47:10,092 - INFO - Analyzing webpack/webpack...
2026-06-19 14:47:12,110 - INFO - Cloning babel/babel (npm)...
2026-06-19 14:47:15,342 - INFO - Analyzing babel/babel...
2026-06-19 14:47:17,888 - INFO - Progress: 10 repos, 5 ecosystems
2026-06-19 14:47:17,888 - INFO - Progress: 10/3000 repos scanned
2026-06-19 14:47:18,889 - INFO - Cloning psf/requests (pypi)...
2026-06-19 14:47:19,562 - INFO - Analyzing psf/requests...
2026-06-19 14:47:20,579 - INFO - Cloning django/django (pypi)...
2026-06-19 14:47:23,449 - INFO - Analyzing django/django...
2026-06-19 14:47:25,113 - INFO - Cloning pallets/flask (pypi)...
2026-06-19 14:47:25,722 - INFO - Analyzing pallets/flask...
2026-06-19 14:47:28,745 - INFO - Cloning https://www.tensorflow.org/ (pypi)...
2026-06-19 14:47:28,932 - WARNING - Failed to clone https://www.tensorflow.org/: Cloning into '/nas/Temp/repos/comprehensive_package_repos/https:__www.tensorflow.org_'...
remote: Not Found
fatal: repository 'https://github.com/https://www.tensorflow.org/.git/' not found

2026-06-19 14:47:30,933 - INFO - Cloning pytest-dev/pytest (pypi)...
2026-06-19 14:47:31,739 - INFO - Analyzing pytest-dev/pytest...
2026-06-19 14:47:32,796 - INFO - Cloning fastapi/fastapi (pypi)...
2026-06-19 14:47:34,886 - INFO - Analyzing fastapi/fastapi...
2026-06-19 14:47:35,071 - INFO - Progress: 15 repos, 5 ecosystems
2026-06-19 14:47:35,071 - INFO - Progress: 15/3000 repos scanned
2026-06-19 14:47:36,072 - INFO - Cloning rails/rails/tree/v8.1.3 (rubygems)...
2026-06-19 14:47:36,617 - WARNING - Failed to clone rails/rails/tree/v8.1.3: Cloning into '/nas/Temp/repos/comprehensive_package_repos/rails_rails_tree_v8.1.3'...
fatal: repository 'https://github.com/rails/rails/tree/v8.1.3.git/' not found

2026-06-19 14:47:37,617 - INFO - Cloning rspec/rspec/tree/rspec-v3.13.2/rspec (rubygems)...
2026-06-19 14:47:38,143 - WARNING - Failed to clone rspec/rspec/tree/rspec-v3.13.2/rspec: Cloning into '/nas/Temp/repos/comprehensive_package_repos/rspec_rspec_tree_rspec-v3.13.2_rspec'...
fatal: repository 'https://github.com/rspec/rspec/tree/rspec-v3.13.2/rspec.git/' not found

2026-06-19 14:47:39,143 - INFO - Cloning heartcombo/devise (rubygems)...
2026-06-19 14:47:39,599 - INFO - Analyzing heartcombo/devise...
2026-06-19 14:47:40,629 - INFO - Cloning puma/puma (rubygems)...
2026-06-19 14:47:41,183 - INFO - Analyzing puma/puma...
2026-06-19 14:47:42,214 - INFO - Cloning sidekiq/sidekiq (rubygems)...
2026-06-19 14:47:42,881 - INFO - Analyzing sidekiq/sidekiq...
2026-06-19 14:47:43,913 - INFO - Cloning pry/pry (rubygems)...
2026-06-19 14:47:44,432 - INFO - Analyzing pry/pry...
2026-06-19 14:47:45,456 - INFO - Cloning rubocop/rubocop (rubygems)...
2026-06-19 14:47:46,701 - INFO - Analyzing rubocop/rubocop...
2026-06-19 14:47:46,847 - INFO - Progress: 20 repos, 5 ecosystems
2026-06-19 14:47:46,847 - INFO - Progress: 20/3000 repos scanned
2026-06-19 14:47:47,847 - INFO - Cloning faker-ruby/faker (rubygems)...
2026-06-19 14:47:48,652 - INFO - Analyzing faker-ruby/faker...
2026-06-19 14:47:49,722 - INFO - Cloning ged/ruby-pg (rubygems)...
2026-06-19 14:47:50,239 - INFO - Analyzing ged/ruby-pg...
2026-06-19 14:47:51,261 - INFO - Cloning redis/redis-rb (rubygems)...
2026-06-19 14:47:51,700 - INFO - Analyzing redis/redis-rb...
2026-06-19 14:47:52,720 - INFO - Progress: 23 repos, 5 ecosystems
2026-06-19 14:47:52,720 - INFO - Summary saved to /nas/Temp/repos/Atheon-GitHub-Scanner/data/comprehensive_scan_summary.json
2026-06-19 14:47:52,720 - INFO - Comparison saved to /nas/Temp/repos/Atheon-GitHub-Scanner/data/comprehensive_comparison.json
2026-06-19 14:47:52,720 - INFO - ✅ COMPREHENSIVE SCAN COMPLETE
2026-06-19 14:47:52,720 - INFO - Repositories: 23
2026-06-19 14:47:52,720 - INFO - Ecosystems: 3
2026-06-19 14:47:52,720 - INFO - Languages: 3
