2026-06-19 14:16:00,140 - __main__ - INFO - 🚀 Starting Daily Research Agent
2026-06-19 14:16:00,140 - __main__ - INFO - 📊 Phase 1: GitHub Trending Analysis
2026-06-19 14:16:01,740 - __main__ - INFO - Fetched 50 trending repositories
2026-06-19 14:17:30,334 - __main__ - INFO - Analyzed 50 trending repos, found 63 patterns
2026-06-19 14:17:30,336 - __main__ - INFO - Saved intelligence: trending_analysis
2026-06-19 14:17:30,336 - __main__ - INFO - 🔒 Phase 2: Security Vulnerability Research
2026-06-19 14:17:30,336 - __main__ - INFO - Fetched 1 CVEs from last 7 days
2026-06-19 14:17:30,336 - __main__ - INFO - Researched 1 CVEs, found 1 pattern opportunities
2026-06-19 14:17:30,336 - __main__ - INFO - Saved intelligence: vulnerability_research
2026-06-19 14:17:30,336 - __main__ - INFO - ✨ Phase 3: Code Quality Patterns Discovery
2026-06-19 14:17:30,337 - __main__ - INFO - Discovered 10 quality patterns
2026-06-19 14:17:30,337 - __main__ - INFO - Saved intelligence: quality_patterns
2026-06-19 14:17:30,337 - __main__ - INFO - ⚡ Phase 4: Performance Optimization Discovery
2026-06-19 14:17:30,337 - __main__ - INFO - Discovered 1 performance insights
2026-06-19 14:17:30,337 - __main__ - INFO - Saved intelligence: performance_insights
2026-06-19 14:17:30,338 - __main__ - INFO - 🔄 Phase 5: Cross-Project Intelligence Sharing
2026-06-19 14:17:30,338 - __main__ - INFO - Shared intelligence with Atheon Main: 0 patterns
2026-06-19 14:17:30,338 - __main__ - INFO - Shared intelligence with Benchmark: 1 insights
2026-06-19 14:17:30,339 - __main__ - INFO - Saved intelligence: cross_project
2026-06-19 14:17:30,339 - __main__ - INFO - 📋 Phase 6: Generate Enhancement Report
2026-06-19 14:17:30,344 - __main__ - INFO - Saved daily report to /nas/Temp/repos/Atheon-GitHub-Scanner/data/daily_reports/daily_report_20260619.json
2026-06-19 14:17:30,344 - __main__ - INFO - Deploying enhancements from daily research
2026-06-19 14:17:30,344 - __main__ - INFO - security_patterns: 0 actionable findings
2026-06-19 14:17:30,344 - __main__ - INFO - performance_insights: 0 actionable findings
2026-06-19 14:17:30,344 - __main__ - INFO - quality_improvements: 0 actionable findings
2026-06-19 14:17:30,344 - __main__ - INFO - vulnerability_intelligence: 0 actionable findings
2026-06-19 14:17:30,344 - __main__ - INFO - Total actionable findings: 0
2026-06-19 14:17:30,344 - __main__ - INFO - ✅ Daily Research Complete in 90.20s
2026-06-19 14:21:18,422 - __main__ - INFO - 🚀 Starting Daily Research Agent
2026-06-19 14:21:18,422 - __main__ - INFO - 📊 Phase 1: GitHub Trending Analysis
2026-06-19 14:21:19,537 - __main__ - INFO - Fetched 50 trending repositories
2026-06-19 14:21:44,469 - __main__ - INFO - Analyzed 50 trending repos, found 64 patterns
2026-06-19 14:21:44,472 - __main__ - INFO - Saved intelligence: trending_analysis
2026-06-19 14:21:44,472 - __main__ - INFO - 🔒 Phase 2: Security Vulnerability Research
2026-06-19 14:21:44,472 - __main__ - INFO - Fetched 1 CVEs from last 7 days
2026-06-19 14:21:44,472 - __main__ - INFO - Researched 1 CVEs, found 1 pattern opportunities
2026-06-19 14:21:44,472 - __main__ - INFO - Saved intelligence: vulnerability_research
2026-06-19 14:21:44,472 - __main__ - INFO - ✨ Phase 3: Code Quality Patterns Discovery
2026-06-19 14:21:44,473 - __main__ - INFO - Discovered 10 quality patterns
2026-06-19 14:21:44,474 - __main__ - INFO - Saved intelligence: quality_patterns
2026-06-19 14:21:44,474 - __main__ - INFO - ⚡ Phase 4: Performance Optimization Discovery
2026-06-19 14:21:44,474 - __main__ - INFO - Discovered 1 performance insights
2026-06-19 14:21:44,474 - __main__ - INFO - Saved intelligence: performance_insights
2026-06-19 14:21:44,475 - __main__ - INFO - 🔄 Phase 5: Cross-Project Intelligence Sharing
2026-06-19 14:21:44,476 - __main__ - INFO - Shared intelligence with Atheon Main: 0 patterns
2026-06-19 14:21:44,476 - __main__ - INFO - Shared intelligence with Benchmark: 1 insights
2026-06-19 14:21:44,478 - __main__ - INFO - Saved intelligence: cross_project
2026-06-19 14:21:44,478 - __main__ - INFO - 📋 Phase 6: Generate Enhancement Report
2026-06-19 14:21:44,482 - __main__ - INFO - Saved daily report to /nas/Temp/repos/Atheon-GitHub-Scanner/data/daily_reports/daily_report_20260619.json
2026-06-19 14:21:44,482 - __main__ - INFO - Deploying enhancements from daily research
2026-06-19 14:21:44,483 - __main__ - INFO - security_patterns: 0 actionable findings
2026-06-19 14:21:44,483 - __main__ - INFO - performance_insights: 0 actionable findings
2026-06-19 14:21:44,483 - __main__ - INFO - quality_improvements: 0 actionable findings
2026-06-19 14:21:44,483 - __main__ - INFO - vulnerability_intelligence: 0 actionable findings
2026-06-19 14:21:44,483 - __main__ - INFO - Total actionable findings: 0
2026-06-19 14:21:44,483 - __main__ - INFO - ✅ Daily Research Complete in 26.06s
2026-06-20 00:00:12,933 - __main__ - INFO - 🚀 Starting Daily Research Agent
2026-06-20 00:00:12,933 - __main__ - INFO - 🚀 Starting Daily Research Agent
2026-06-20 00:00:12,933 - __main__ - INFO - 📊 Phase 1: GitHub Trending Analysis
2026-06-20 00:00:12,933 - __main__ - INFO - 📊 Phase 1: GitHub Trending Analysis
2026-06-20 00:00:14,322 - __main__ - INFO - Fetched 50 trending repositories
2026-06-20 00:00:14,322 - __main__ - INFO - Fetched 50 trending repositories
2026-06-20 00:00:18,433 - __main__ - INFO - Analyzed 50 trending repos, found 64 patterns
2026-06-20 00:00:18,433 - __main__ - INFO - Analyzed 50 trending repos, found 64 patterns
2026-06-20 00:00:18,434 - __main__ - INFO - Saved intelligence: trending_analysis
2026-06-20 00:00:18,434 - __main__ - INFO - Saved intelligence: trending_analysis
2026-06-20 00:00:18,434 - __main__ - INFO - 🔒 Phase 2: Security Vulnerability Research
2026-06-20 00:00:18,434 - __main__ - INFO - 🔒 Phase 2: Security Vulnerability Research
2026-06-20 00:00:18,434 - __main__ - INFO - Fetched 1 CVEs from last 7 days
2026-06-20 00:00:18,434 - __main__ - INFO - Fetched 1 CVEs from last 7 days
2026-06-20 00:00:18,435 - __main__ - INFO - Researched 1 CVEs, found 1 pattern opportunities
2026-06-20 00:00:18,435 - __main__ - INFO - Researched 1 CVEs, found 1 pattern opportunities
2026-06-20 00:00:18,435 - __main__ - INFO - Saved intelligence: vulnerability_research
2026-06-20 00:00:18,435 - __main__ - INFO - Saved intelligence: vulnerability_research
2026-06-20 00:00:18,435 - __main__ - INFO - ✨ Phase 3: Code Quality Patterns Discovery
2026-06-20 00:00:18,435 - __main__ - INFO - ✨ Phase 3: Code Quality Patterns Discovery
2026-06-20 00:00:18,435 - __main__ - INFO - Discovered 10 quality patterns
2026-06-20 00:00:18,435 - __main__ - INFO - Discovered 10 quality patterns
2026-06-20 00:00:18,435 - __main__ - INFO - Saved intelligence: quality_patterns
2026-06-20 00:00:18,435 - __main__ - INFO - Saved intelligence: quality_patterns
2026-06-20 00:00:18,435 - __main__ - INFO - ⚡ Phase 4: Performance Optimization Discovery
2026-06-20 00:00:18,435 - __main__ - INFO - ⚡ Phase 4: Performance Optimization Discovery
2026-06-20 00:00:18,436 - __main__ - INFO - Discovered 1 performance insights
2026-06-20 00:00:18,436 - __main__ - INFO - Discovered 1 performance insights
2026-06-20 00:00:18,436 - __main__ - INFO - Saved intelligence: performance_insights
2026-06-20 00:00:18,436 - __main__ - INFO - Saved intelligence: performance_insights
2026-06-20 00:00:18,436 - __main__ - INFO - 🔄 Phase 5: Cross-Project Intelligence Sharing
2026-06-20 00:00:18,436 - __main__ - INFO - 🔄 Phase 5: Cross-Project Intelligence Sharing
2026-06-20 00:00:18,438 - __main__ - INFO - Shared intelligence with Atheon Main: 0 patterns
2026-06-20 00:00:18,438 - __main__ - INFO - Shared intelligence with Atheon Main: 0 patterns
2026-06-20 00:00:18,438 - __main__ - INFO - Shared intelligence with Benchmark: 1 insights
2026-06-20 00:00:18,438 - __main__ - INFO - Shared intelligence with Benchmark: 1 insights
2026-06-20 00:00:18,438 - __main__ - INFO - Saved intelligence: cross_project
2026-06-20 00:00:18,438 - __main__ - INFO - Saved intelligence: cross_project
2026-06-20 00:00:18,438 - __main__ - INFO - 📋 Phase 6: Generate Enhancement Report
2026-06-20 00:00:18,438 - __main__ - INFO - 📋 Phase 6: Generate Enhancement Report
2026-06-20 00:00:18,442 - __main__ - INFO - Saved daily report to /nas/Temp/repos/Atheon-GitHub-Scanner/data/daily_reports/daily_report_20260620.json
2026-06-20 00:00:18,442 - __main__ - INFO - Saved daily report to /nas/Temp/repos/Atheon-GitHub-Scanner/data/daily_reports/daily_report_20260620.json
2026-06-20 00:00:18,442 - __main__ - INFO - Deploying enhancements from daily research
2026-06-20 00:00:18,442 - __main__ - INFO - Deploying enhancements from daily research
2026-06-20 00:00:18,442 - __main__ - INFO - security_patterns: 0 actionable findings
2026-06-20 00:00:18,442 - __main__ - INFO - security_patterns: 0 actionable findings
2026-06-20 00:00:18,442 - __main__ - INFO - performance_insights: 0 actionable findings
2026-06-20 00:00:18,442 - __main__ - INFO - performance_insights: 0 actionable findings
2026-06-20 00:00:18,442 - __main__ - INFO - quality_improvements: 0 actionable findings
2026-06-20 00:00:18,442 - __main__ - INFO - quality_improvements: 0 actionable findings
2026-06-20 00:00:18,442 - __main__ - INFO - vulnerability_intelligence: 0 actionable findings
2026-06-20 00:00:18,442 - __main__ - INFO - vulnerability_intelligence: 0 actionable findings
2026-06-20 00:00:18,442 - __main__ - INFO - Total actionable findings: 0
2026-06-20 00:00:18,442 - __main__ - INFO - Total actionable findings: 0
2026-06-20 00:00:18,442 - __main__ - INFO - ✅ Daily Research Complete in 5.51s
2026-06-20 00:00:18,442 - __main__ - INFO - ✅ Daily Research Complete in 5.51s
🚀 Atheon GitHub Scanner - Daily Research Agent
============================================================

✅ Daily Research Complete!
   Date: 2026-06-20T00:00:18.439024
   Duration: 5.51s
   Total Findings: 76
   Security Patterns: 64
   Performance Insights: 1
   Quality Improvements: 10
   Vulnerability Intelligence: 1

💡 Key Recommendations:
   1. Implement high-confidence security patterns immediately
   2. Optimize scanning based on performance insights
   3. Share quality improvements with Atheon main

📋 Next Steps:
   1. Deploy high-confidence patterns (confidence > 0.8)
   2. Validate medium-confidence patterns (confidence 0.6-0.8)
   3. Research low-confidence patterns (confidence < 0.6)
2026-06-21 00:00:12,566 - __main__ - INFO - 🚀 Starting Daily Research Agent
2026-06-21 00:00:12,566 - __main__ - INFO - 🚀 Starting Daily Research Agent
2026-06-21 00:00:12,571 - __main__ - INFO - 📊 Phase 1: GitHub Trending Analysis
2026-06-21 00:00:12,571 - __main__ - INFO - 📊 Phase 1: GitHub Trending Analysis
2026-06-21 00:00:13,853 - __main__ - INFO - Fetched 50 trending repositories
2026-06-21 00:00:13,853 - __main__ - INFO - Fetched 50 trending repositories
2026-06-21 00:00:18,067 - __main__ - INFO - Analyzed 50 trending repos, found 64 patterns
2026-06-21 00:00:18,067 - __main__ - INFO - Analyzed 50 trending repos, found 64 patterns
2026-06-21 00:00:18,080 - __main__ - INFO - Saved intelligence: trending_analysis
2026-06-21 00:00:18,080 - __main__ - INFO - Saved intelligence: trending_analysis
2026-06-21 00:00:18,080 - __main__ - INFO - 🔒 Phase 2: Security Vulnerability Research
2026-06-21 00:00:18,080 - __main__ - INFO - 🔒 Phase 2: Security Vulnerability Research
2026-06-21 00:00:18,080 - __main__ - INFO - Fetched 1 CVEs from last 7 days
2026-06-21 00:00:18,080 - __main__ - INFO - Fetched 1 CVEs from last 7 days
2026-06-21 00:00:18,080 - __main__ - INFO - Researched 1 CVEs, found 1 pattern opportunities
2026-06-21 00:00:18,080 - __main__ - INFO - Researched 1 CVEs, found 1 pattern opportunities
2026-06-21 00:00:18,080 - __main__ - INFO - Saved intelligence: vulnerability_research
2026-06-21 00:00:18,080 - __main__ - INFO - Saved intelligence: vulnerability_research
2026-06-21 00:00:18,080 - __main__ - INFO - ✨ Phase 3: Code Quality Patterns Discovery
2026-06-21 00:00:18,080 - __main__ - INFO - ✨ Phase 3: Code Quality Patterns Discovery
2026-06-21 00:00:18,081 - __main__ - INFO - Discovered 10 quality patterns
2026-06-21 00:00:18,081 - __main__ - INFO - Discovered 10 quality patterns
2026-06-21 00:00:18,081 - __main__ - INFO - Saved intelligence: quality_patterns
2026-06-21 00:00:18,081 - __main__ - INFO - Saved intelligence: quality_patterns
2026-06-21 00:00:18,081 - __main__ - INFO - ⚡ Phase 4: Performance Optimization Discovery
2026-06-21 00:00:18,081 - __main__ - INFO - ⚡ Phase 4: Performance Optimization Discovery
2026-06-21 00:00:18,081 - __main__ - INFO - Discovered 1 performance insights
2026-06-21 00:00:18,081 - __main__ - INFO - Discovered 1 performance insights
2026-06-21 00:00:18,081 - __main__ - INFO - Saved intelligence: performance_insights
2026-06-21 00:00:18,081 - __main__ - INFO - Saved intelligence: performance_insights
2026-06-21 00:00:18,081 - __main__ - INFO - 🔄 Phase 5: Cross-Project Intelligence Sharing
2026-06-21 00:00:18,081 - __main__ - INFO - 🔄 Phase 5: Cross-Project Intelligence Sharing
2026-06-21 00:00:18,090 - __main__ - INFO - Shared intelligence with Atheon Main: 0 patterns
2026-06-21 00:00:18,090 - __main__ - INFO - Shared intelligence with Atheon Main: 0 patterns
2026-06-21 00:00:18,090 - __main__ - INFO - Shared intelligence with Benchmark: 1 insights
2026-06-21 00:00:18,090 - __main__ - INFO - Shared intelligence with Benchmark: 1 insights
2026-06-21 00:00:18,091 - __main__ - INFO - Saved intelligence: cross_project
2026-06-21 00:00:18,091 - __main__ - INFO - Saved intelligence: cross_project
2026-06-21 00:00:18,091 - __main__ - INFO - 📋 Phase 6: Generate Enhancement Report
2026-06-21 00:00:18,091 - __main__ - INFO - 📋 Phase 6: Generate Enhancement Report
2026-06-21 00:00:18,093 - __main__ - INFO - Saved daily report to /nas/Temp/repos/Atheon-GitHub-Scanner/data/daily_reports/daily_report_20260621.json
2026-06-21 00:00:18,093 - __main__ - INFO - Saved daily report to /nas/Temp/repos/Atheon-GitHub-Scanner/data/daily_reports/daily_report_20260621.json
2026-06-21 00:00:18,093 - __main__ - INFO - Deploying enhancements from daily research
2026-06-21 00:00:18,093 - __main__ - INFO - Deploying enhancements from daily research
2026-06-21 00:00:18,093 - __main__ - INFO - security_patterns: 0 actionable findings
2026-06-21 00:00:18,093 - __main__ - INFO - security_patterns: 0 actionable findings
2026-06-21 00:00:18,093 - __main__ - INFO - performance_insights: 0 actionable findings
2026-06-21 00:00:18,093 - __main__ - INFO - performance_insights: 0 actionable findings
2026-06-21 00:00:18,093 - __main__ - INFO - quality_improvements: 0 actionable findings
2026-06-21 00:00:18,093 - __main__ - INFO - quality_improvements: 0 actionable findings
2026-06-21 00:00:18,093 - __main__ - INFO - vulnerability_intelligence: 0 actionable findings
2026-06-21 00:00:18,093 - __main__ - INFO - vulnerability_intelligence: 0 actionable findings
2026-06-21 00:00:18,093 - __main__ - INFO - Total actionable findings: 0
2026-06-21 00:00:18,093 - __main__ - INFO - Total actionable findings: 0
2026-06-21 00:00:18,093 - __main__ - INFO - ✅ Daily Research Complete in 5.52s
2026-06-21 00:00:18,093 - __main__ - INFO - ✅ Daily Research Complete in 5.52s
🚀 Atheon GitHub Scanner - Daily Research Agent
============================================================

✅ Daily Research Complete!
   Date: 2026-06-21T00:00:18.091128
   Duration: 5.52s
   Total Findings: 76
   Security Patterns: 64
   Performance Insights: 1
   Quality Improvements: 10
   Vulnerability Intelligence: 1

💡 Key Recommendations:
   1. Implement high-confidence security patterns immediately
   2. Optimize scanning based on performance insights
   3. Share quality improvements with Atheon main

📋 Next Steps:
   1. Deploy high-confidence patterns (confidence > 0.8)
   2. Validate medium-confidence patterns (confidence 0.6-0.8)
   3. Research low-confidence patterns (confidence < 0.6)
2026-06-22 00:00:01,766 - __main__ - INFO - 🚀 Starting Daily Research Agent
2026-06-22 00:00:01,766 - __main__ - INFO - 🚀 Starting Daily Research Agent
2026-06-22 00:00:01,772 - __main__ - INFO - 📊 Phase 1: GitHub Trending Analysis
2026-06-22 00:00:01,772 - __main__ - INFO - 📊 Phase 1: GitHub Trending Analysis
2026-06-22 00:00:03,165 - __main__ - INFO - Fetched 50 trending repositories
2026-06-22 00:00:03,165 - __main__ - INFO - Fetched 50 trending repositories
2026-06-22 00:00:07,799 - __main__ - INFO - Analyzed 50 trending repos, found 64 patterns
2026-06-22 00:00:07,799 - __main__ - INFO - Analyzed 50 trending repos, found 64 patterns
2026-06-22 00:00:07,801 - __main__ - INFO - Saved intelligence: trending_analysis
2026-06-22 00:00:07,801 - __main__ - INFO - Saved intelligence: trending_analysis
2026-06-22 00:00:07,801 - __main__ - INFO - 🔒 Phase 2: Security Vulnerability Research
2026-06-22 00:00:07,801 - __main__ - INFO - 🔒 Phase 2: Security Vulnerability Research
2026-06-22 00:00:07,801 - __main__ - INFO - Fetched 1 CVEs from last 7 days
2026-06-22 00:00:07,801 - __main__ - INFO - Fetched 1 CVEs from last 7 days
2026-06-22 00:00:07,801 - __main__ - INFO - Researched 1 CVEs, found 1 pattern opportunities
2026-06-22 00:00:07,801 - __main__ - INFO - Researched 1 CVEs, found 1 pattern opportunities
2026-06-22 00:00:07,801 - __main__ - INFO - Saved intelligence: vulnerability_research
2026-06-22 00:00:07,801 - __main__ - INFO - Saved intelligence: vulnerability_research
2026-06-22 00:00:07,801 - __main__ - INFO - ✨ Phase 3: Code Quality Patterns Discovery
2026-06-22 00:00:07,801 - __main__ - INFO - ✨ Phase 3: Code Quality Patterns Discovery
2026-06-22 00:00:07,802 - __main__ - INFO - Discovered 10 quality patterns
2026-06-22 00:00:07,802 - __main__ - INFO - Discovered 10 quality patterns
2026-06-22 00:00:07,802 - __main__ - INFO - Saved intelligence: quality_patterns
2026-06-22 00:00:07,802 - __main__ - INFO - Saved intelligence: quality_patterns
2026-06-22 00:00:07,802 - __main__ - INFO - ⚡ Phase 4: Performance Optimization Discovery
2026-06-22 00:00:07,802 - __main__ - INFO - ⚡ Phase 4: Performance Optimization Discovery
2026-06-22 00:00:07,802 - __main__ - INFO - Discovered 1 performance insights
2026-06-22 00:00:07,802 - __main__ - INFO - Discovered 1 performance insights
2026-06-22 00:00:07,802 - __main__ - INFO - Saved intelligence: performance_insights
2026-06-22 00:00:07,802 - __main__ - INFO - Saved intelligence: performance_insights
2026-06-22 00:00:07,802 - __main__ - INFO - 🔄 Phase 5: Cross-Project Intelligence Sharing
2026-06-22 00:00:07,802 - __main__ - INFO - 🔄 Phase 5: Cross-Project Intelligence Sharing
2026-06-22 00:00:07,820 - __main__ - INFO - Shared intelligence with Atheon Main: 0 patterns
2026-06-22 00:00:07,820 - __main__ - INFO - Shared intelligence with Atheon Main: 0 patterns
2026-06-22 00:00:07,821 - __main__ - INFO - Shared intelligence with Benchmark: 1 insights
2026-06-22 00:00:07,821 - __main__ - INFO - Shared intelligence with Benchmark: 1 insights
2026-06-22 00:00:07,821 - __main__ - INFO - Saved intelligence: cross_project
2026-06-22 00:00:07,821 - __main__ - INFO - Saved intelligence: cross_project
2026-06-22 00:00:07,821 - __main__ - INFO - 📋 Phase 6: Generate Enhancement Report
2026-06-22 00:00:07,821 - __main__ - INFO - 📋 Phase 6: Generate Enhancement Report
2026-06-22 00:00:07,823 - __main__ - INFO - Saved daily report to /nas/Temp/repos/Atheon-GitHub-Scanner/data/daily_reports/daily_report_20260622.json
2026-06-22 00:00:07,823 - __main__ - INFO - Saved daily report to /nas/Temp/repos/Atheon-GitHub-Scanner/data/daily_reports/daily_report_20260622.json
2026-06-22 00:00:07,823 - __main__ - INFO - Deploying enhancements from daily research
2026-06-22 00:00:07,823 - __main__ - INFO - Deploying enhancements from daily research
2026-06-22 00:00:07,823 - __main__ - INFO - security_patterns: 0 actionable findings
2026-06-22 00:00:07,823 - __main__ - INFO - security_patterns: 0 actionable findings
2026-06-22 00:00:07,823 - __main__ - INFO - performance_insights: 0 actionable findings
2026-06-22 00:00:07,823 - __main__ - INFO - performance_insights: 0 actionable findings
2026-06-22 00:00:07,823 - __main__ - INFO - quality_improvements: 0 actionable findings
2026-06-22 00:00:07,823 - __main__ - INFO - quality_improvements: 0 actionable findings
2026-06-22 00:00:07,823 - __main__ - INFO - vulnerability_intelligence: 0 actionable findings
2026-06-22 00:00:07,823 - __main__ - INFO - vulnerability_intelligence: 0 actionable findings
2026-06-22 00:00:07,823 - __main__ - INFO - Total actionable findings: 0
2026-06-22 00:00:07,823 - __main__ - INFO - Total actionable findings: 0
2026-06-22 00:00:07,823 - __main__ - INFO - ✅ Daily Research Complete in 6.05s
2026-06-22 00:00:07,823 - __main__ - INFO - ✅ Daily Research Complete in 6.05s
🚀 Atheon GitHub Scanner - Daily Research Agent
============================================================

✅ Daily Research Complete!
   Date: 2026-06-22T00:00:07.821521
   Duration: 6.05s
   Total Findings: 76
   Security Patterns: 64
   Performance Insights: 1
   Quality Improvements: 10
   Vulnerability Intelligence: 1

💡 Key Recommendations:
   1. Implement high-confidence security patterns immediately
   2. Optimize scanning based on performance insights
   3. Share quality improvements with Atheon main

📋 Next Steps:
   1. Deploy high-confidence patterns (confidence > 0.8)
   2. Validate medium-confidence patterns (confidence 0.6-0.8)
   3. Research low-confidence patterns (confidence < 0.6)
