2026-06-19 14:17:46,186 - __main__ - INFO - 🚀 Starting Automated Deployment
2026-06-19 14:17:46,187 - __main__ - INFO - Collecting enhancements ready for deployment...
2026-06-19 14:17:46,187 - __main__ - ERROR - Failed to collect ready enhancements: 'NoneType' object has no attribute 'get'
2026-06-19 14:17:46,187 - __main__ - INFO - No enhancements ready for deployment
2026-06-19 21:00:01,311 - __main__ - INFO - 🚀 Starting Automated Deployment
2026-06-19 21:00:01,311 - __main__ - INFO - 🚀 Starting Automated Deployment
2026-06-19 21:00:01,312 - __main__ - INFO - Collecting enhancements ready for deployment...
2026-06-19 21:00:01,312 - __main__ - INFO - Collecting enhancements ready for deployment...
2026-06-19 21:00:01,312 - __main__ - ERROR - Failed to collect ready enhancements: 'NoneType' object has no attribute 'get'
2026-06-19 21:00:01,312 - __main__ - ERROR - Failed to collect ready enhancements: 'NoneType' object has no attribute 'get'
2026-06-19 21:00:01,312 - __main__ - INFO - No enhancements ready for deployment
2026-06-19 21:00:01,312 - __main__ - INFO - No enhancements ready for deployment
🚀 Atheon GitHub Scanner - Automated Deployment Agent
============================================================

⚠️  Deployment SKIPPED
   Deployment ID: deployment_20260619_210001
   Duration: 0.00s
   Enhancements Deployed: 0
   Validation Passed: True
   Rollback Executed: False

⚠️  Issues:
   - No enhancements ready for deployment
2026-06-20 21:00:12,351 - __main__ - INFO - 🚀 Starting Automated Deployment
2026-06-20 21:00:12,351 - __main__ - INFO - 🚀 Starting Automated Deployment
2026-06-20 21:00:12,352 - __main__ - INFO - Collecting enhancements ready for deployment...
2026-06-20 21:00:12,352 - __main__ - INFO - Collecting enhancements ready for deployment...
2026-06-20 21:00:12,352 - __main__ - ERROR - Failed to collect ready enhancements: 'NoneType' object has no attribute 'get'
2026-06-20 21:00:12,352 - __main__ - ERROR - Failed to collect ready enhancements: 'NoneType' object has no attribute 'get'
2026-06-20 21:00:12,352 - __main__ - INFO - No enhancements ready for deployment
2026-06-20 21:00:12,352 - __main__ - INFO - No enhancements ready for deployment
🚀 Atheon GitHub Scanner - Automated Deployment Agent
============================================================

⚠️  Deployment SKIPPED
   Deployment ID: deployment_20260620_210012
   Duration: 0.00s
   Enhancements Deployed: 0
   Validation Passed: True
   Rollback Executed: False

⚠️  Issues:
   - No enhancements ready for deployment
2026-06-21 21:00:01,141 - __main__ - INFO - 🚀 Starting Automated Deployment
2026-06-21 21:00:01,141 - __main__ - INFO - 🚀 Starting Automated Deployment
2026-06-21 21:00:01,141 - __main__ - INFO - Collecting enhancements ready for deployment...
2026-06-21 21:00:01,141 - __main__ - INFO - Collecting enhancements ready for deployment...
2026-06-21 21:00:01,142 - __main__ - ERROR - Failed to collect ready enhancements: 'NoneType' object has no attribute 'get'
2026-06-21 21:00:01,142 - __main__ - ERROR - Failed to collect ready enhancements: 'NoneType' object has no attribute 'get'
2026-06-21 21:00:01,142 - __main__ - INFO - No enhancements ready for deployment
2026-06-21 21:00:01,142 - __main__ - INFO - No enhancements ready for deployment
🚀 Atheon GitHub Scanner - Automated Deployment Agent
============================================================

⚠️  Deployment SKIPPED
   Deployment ID: deployment_20260621_210001
   Duration: 0.00s
   Enhancements Deployed: 0
   Validation Passed: True
   Rollback Executed: False

⚠️  Issues:
   - No enhancements ready for deployment
