2026-06-19 14:43:37,244 - INFO - 🌍 STARTING UNIVERSAL ECOSYSTEM SCAN: All Package Managers
2026-06-19 14:43:37,244 - INFO - Scanning npm/Node.js ecosystem...
2026-06-19 14:43:44,230 - INFO - Found 10 npm packages
2026-06-19 14:43:44,231 - INFO - Scanning PyPI/Python ecosystem...
2026-06-19 14:43:49,412 - WARNING - Failed to get PyPI package pytorch: 'NoneType' object has no attribute 'get'
2026-06-19 14:43:49,914 - INFO - Found 9 PyPI packages
2026-06-19 14:43:49,915 - INFO - Scanning RubyGems/Ruby ecosystem...
2026-06-19 14:43:58,007 - INFO - Found 10 RubyGems
2026-06-19 14:43:58,007 - INFO - Scanning Composer/PHP ecosystem...
2026-06-19 14:43:58,239 - WARNING - Failed to get Composer package laravel/framework: 'list' object has no attribute 'keys'
2026-06-19 14:43:58,900 - WARNING - Failed to get Composer package symfony/console: 'list' object has no attribute 'keys'
2026-06-19 14:43:59,530 - WARNING - Failed to get Composer package guzzlehttp/guzzle: 'list' object has no attribute 'keys'
2026-06-19 14:44:00,142 - WARNING - Failed to get Composer package monolog/monolog: 'list' object has no attribute 'keys'
2026-06-19 14:44:00,837 - WARNING - Failed to get Composer package phpunit/phpunit: 'list' object has no attribute 'keys'
2026-06-19 14:44:01,464 - WARNING - Failed to get Composer package doctrine/orm: 'list' object has no attribute 'keys'
2026-06-19 14:44:02,122 - WARNING - Failed to get Composer package twig/twig: 'list' object has no attribute 'keys'
2026-06-19 14:44:02,757 - WARNING - Failed to get Composer package swiftmailer/swiftmailer: 'list' object has no attribute 'keys'
2026-06-19 14:44:03,404 - WARNING - Failed to get Composer package nesbot/carbon: 'list' object has no attribute 'keys'
2026-06-19 14:44:03,906 - INFO - Found 0 Composer packages
2026-06-19 14:44:03,907 - INFO - Total packages discovered: 29
2026-06-19 14:44:03,907 - INFO - Cloning facebook/react (npm)...
2026-06-19 14:44:06,733 - INFO - Analyzing facebook/react...
2026-06-19 14:44:08,193 - INFO - Cloning lodash/lodash (npm)...
2026-06-19 14:44:08,824 - INFO - Analyzing lodash/lodash...
2026-06-19 14:44:09,845 - INFO - Cloning axios/axios (npm)...
2026-06-19 14:44:10,455 - INFO - Analyzing axios/axios...
2026-06-19 14:44:11,492 - INFO - Cloning expressjs/express (npm)...
2026-06-19 14:44:11,991 - INFO - Analyzing expressjs/express...
2026-06-19 14:44:13,016 - INFO - Cloning moment/moment (npm)...
2026-06-19 14:44:13,807 - INFO - Analyzing moment/moment...
2026-06-19 14:44:13,896 - INFO - Progress: 5 repos, 4 ecosystems
2026-06-19 14:44:14,897 - INFO - Cloning vuejs/core (npm)...
2026-06-19 14:44:15,738 - INFO - Analyzing vuejs/core...
2026-06-19 14:44:16,798 - INFO - Cloning angular/angular.js (npm)...
2026-06-19 14:44:18,527 - INFO - Analyzing angular/angular.js...
2026-06-19 14:44:19,664 - INFO - Cloning webpack/webpack (npm)...
2026-06-19 14:44:21,544 - INFO - Analyzing webpack/webpack...
2026-06-19 14:44:23,556 - INFO - Cloning babel/babel (npm)...
2026-06-19 14:44:27,270 - INFO - Analyzing babel/babel...
2026-06-19 14:44:31,576 - INFO - Cloning microsoft/TypeScript (npm)...
2026-06-19 14:44:44,466 - INFO - Analyzing microsoft/TypeScript...
2026-06-19 14:44:49,037 - INFO - Progress: 10 repos, 4 ecosystems
2026-06-19 14:44:50,038 - INFO - Cloning psf/requests (pypi)...
2026-06-19 14:44:50,745 - INFO - Analyzing psf/requests...
2026-06-19 14:44:51,762 - INFO - Cloning django/django (pypi)...
2026-06-19 14:44:54,575 - INFO - Analyzing django/django...
2026-06-19 14:44:56,264 - INFO - Cloning pallets/flask (pypi)...
2026-06-19 14:44:56,848 - INFO - Analyzing pallets/flask...
2026-06-19 14:44:59,873 - INFO - Cloning https://www.tensorflow.org/ (pypi)...
2026-06-19 14:45:00,061 - WARNING - Failed to clone https://www.tensorflow.org/: Cloning into '/nas/Temp/repos/universal_package_repos/https:__www.tensorflow.org_'...
remote: Not Found
fatal: repository 'https://github.com/https://www.tensorflow.org/.git/' not found

2026-06-19 14:45:02,062 - INFO - Cloning pytest-dev/pytest (pypi)...
2026-06-19 14:45:02,860 - INFO - Analyzing pytest-dev/pytest...
2026-06-19 14:45:03,910 - INFO - Cloning fastapi/fastapi (pypi)...
2026-06-19 14:45:05,977 - INFO - Analyzing fastapi/fastapi...
2026-06-19 14:45:06,162 - INFO - Progress: 15 repos, 4 ecosystems
2026-06-19 14:45:07,163 - INFO - Cloning rails/rails/tree/v8.1.3 (rubygems)...
2026-06-19 14:45:07,670 - WARNING - Failed to clone rails/rails/tree/v8.1.3: Cloning into '/nas/Temp/repos/universal_package_repos/rails_rails_tree_v8.1.3'...
fatal: repository 'https://github.com/rails/rails/tree/v8.1.3.git/' not found

2026-06-19 14:45:08,670 - INFO - Cloning rspec/rspec/tree/rspec-v3.13.2/rspec (rubygems)...
2026-06-19 14:45:09,237 - WARNING - Failed to clone rspec/rspec/tree/rspec-v3.13.2/rspec: Cloning into '/nas/Temp/repos/universal_package_repos/rspec_rspec_tree_rspec-v3.13.2_rspec'...
fatal: repository 'https://github.com/rspec/rspec/tree/rspec-v3.13.2/rspec.git/' not found

2026-06-19 14:45:10,237 - INFO - Cloning heartcombo/devise (rubygems)...
2026-06-19 14:45:10,714 - INFO - Analyzing heartcombo/devise...
2026-06-19 14:45:11,745 - INFO - Cloning puma/puma (rubygems)...
2026-06-19 14:45:12,352 - INFO - Analyzing puma/puma...
2026-06-19 14:45:13,383 - INFO - Cloning sidekiq/sidekiq (rubygems)...
2026-06-19 14:45:14,018 - INFO - Analyzing sidekiq/sidekiq...
2026-06-19 14:45:15,055 - INFO - Cloning pry/pry (rubygems)...
2026-06-19 14:45:15,597 - INFO - Analyzing pry/pry...
2026-06-19 14:45:16,621 - INFO - Cloning rubocop/rubocop (rubygems)...
2026-06-19 14:45:18,045 - INFO - Analyzing rubocop/rubocop...
2026-06-19 14:45:18,188 - INFO - Progress: 20 repos, 4 ecosystems
2026-06-19 14:45:19,188 - INFO - Cloning faker-ruby/faker (rubygems)...
2026-06-19 14:45:20,091 - INFO - Analyzing faker-ruby/faker...
2026-06-19 14:45:21,157 - INFO - Cloning ged/ruby-pg (rubygems)...
2026-06-19 14:45:21,760 - INFO - Analyzing ged/ruby-pg...
2026-06-19 14:45:22,780 - INFO - Cloning redis/redis-rb (rubygems)...
2026-06-19 14:45:23,283 - INFO - Analyzing redis/redis-rb...
2026-06-19 14:45:24,305 - INFO - Progress: 23 repos, 4 ecosystems
2026-06-19 14:45:24,306 - INFO - Summary saved to /nas/Temp/repos/Atheon-GitHub-Scanner/data/universal_scan_summary.json
2026-06-19 14:45:24,306 - INFO - Comparison saved to /nas/Temp/repos/Atheon-GitHub-Scanner/data/ecosystem_comparison.json
2026-06-19 14:45:24,306 - INFO - ✅ UNIVERSAL SCAN COMPLETE: 23 repos across 4 ecosystems
